2023-08-26T11:39:20+00:00 CRITICAL Uncaught Error: Using $this when not in object context in /Applications/MAMP/htdocs/devshore-woocommerce/wp-content/plugins/osony-woocomerce-wishlist/osony-wishlist.php:42
Stack trace:
#0 /Applications/MAMP/htdocs/devshore-woocommerce/wp-includes/class-wp-hook.php(310): plugins_scripts('')
#1 /Applications/MAMP/htdocs/devshore-woocommerce/wp-includes/class-wp-hook.php(334): WP_Hook->apply_filters(NULL, Array)
#2 /Applications/MAMP/htdocs/devshore-woocommerce/wp-includes/plugin.php(517): WP_Hook->do_action(Array)
#3 /Applications/MAMP/htdocs/devshore-woocommerce/wp-includes/script-loader.php(2227): do_action('wp_enqueue_scri...')
#4 /Applications/MAMP/htdocs/devshore-woocommerce/wp-includes/class-wp-hook.php(310): wp_enqueue_scripts('')
#5 /Applications/MAMP/htdocs/devshore-woocommerce/wp-includes/class-wp-hook.php(334): WP_Hook->apply_filters(NULL, Array)
#6 /Applications/MAMP/htdocs/devshore-woocommerce/wp-includes/plugin.php(517): WP_Hook->do_action(Array)
#7 /Applications/MAMP/htdocs/devshore-woocommerce/wp-includes/general-template.php(3053): do_action('wp_head')
#8 /Applications/MAMP/htdocs/devshore-woocommerce/wp-content/themes/storefront/header.php(18): wp_head()
#9 /Applications/MAMP/htdocs/devshore-woocommerce/wp-includes/template.php(785): require_once('/Applications/M...')
#10 /Applications/MAMP/htdocs/devshore-woocommerce/wp-includes/template.php(720): load_template('/Applications/M...', true, Array)
#11 /Applications/MAMP/htdocs/devshore-woocommerce/wp-includes/general-template.php(48): locate_template(Array, true, true, Array)
#12 /Applications/MAMP/htdocs/devshore-woocommerce/wp-content/plugins/woocommerce/templates/archive-product.php(20): get_header('shop')
#13 /Applications/MAMP/htdocs/devshore-woocommerce/wp-includes/template-loader.php(106): include('/Applications/M...')
#14 /Applications/MAMP/htdocs/devshore-woocommerce/wp-blog-header.php(19): require_once('/Applications/M...')
#15 /Applications/MAMP/htdocs/devshore-woocommerce/index.php(17): require('/Applications/M...')
#16 {main}
  thrown in /Applications/MAMP/htdocs/devshore-woocommerce/wp-content/plugins/osony-woocomerce-wishlist/osony-wishlist.php on line 42

2023-08-26T11:39:38+00:00 CRITICAL Uncaught Error: Using $this when not in object context in /Applications/MAMP/htdocs/devshore-woocommerce/wp-content/plugins/osony-woocomerce-wishlist/osony-wishlist.php:42
Stack trace:
#0 /Applications/MAMP/htdocs/devshore-woocommerce/wp-includes/class-wp-hook.php(310): plugins_scripts('')
#1 /Applications/MAMP/htdocs/devshore-woocommerce/wp-includes/class-wp-hook.php(334): WP_Hook->apply_filters(NULL, Array)
#2 /Applications/MAMP/htdocs/devshore-woocommerce/wp-includes/plugin.php(517): WP_Hook->do_action(Array)
#3 /Applications/MAMP/htdocs/devshore-woocommerce/wp-includes/script-loader.php(2227): do_action('wp_enqueue_scri...')
#4 /Applications/MAMP/htdocs/devshore-woocommerce/wp-includes/class-wp-hook.php(310): wp_enqueue_scripts('')
#5 /Applications/MAMP/htdocs/devshore-woocommerce/wp-includes/class-wp-hook.php(334): WP_Hook->apply_filters(NULL, Array)
#6 /Applications/MAMP/htdocs/devshore-woocommerce/wp-includes/plugin.php(517): WP_Hook->do_action(Array)
#7 /Applications/MAMP/htdocs/devshore-woocommerce/wp-includes/general-template.php(3053): do_action('wp_head')
#8 /Applications/MAMP/htdocs/devshore-woocommerce/wp-content/themes/storefront/header.php(18): wp_head()
#9 /Applications/MAMP/htdocs/devshore-woocommerce/wp-includes/template.php(785): require_once('/Applications/M...')
#10 /Applications/MAMP/htdocs/devshore-woocommerce/wp-includes/template.php(720): load_template('/Applications/M...', true, Array)
#11 /Applications/MAMP/htdocs/devshore-woocommerce/wp-includes/general-template.php(48): locate_template(Array, true, true, Array)
#12 /Applications/MAMP/htdocs/devshore-woocommerce/wp-content/plugins/woocommerce/templates/archive-product.php(20): get_header('shop')
#13 /Applications/MAMP/htdocs/devshore-woocommerce/wp-includes/template-loader.php(106): include('/Applications/M...')
#14 /Applications/MAMP/htdocs/devshore-woocommerce/wp-blog-header.php(19): require_once('/Applications/M...')
#15 /Applications/MAMP/htdocs/devshore-woocommerce/index.php(17): require('/Applications/M...')
#16 {main}
  thrown in /Applications/MAMP/htdocs/devshore-woocommerce/wp-content/plugins/osony-woocomerce-wishlist/osony-wishlist.php on line 42

